<?xml version='1.0' encoding='UTF-8'?>
<testsuite hostname="LAPTOP-0B62QHEK" name="com.cloudxlab.logparsing.SampleTest" tests="2" errors="0" failures="0" skipped="0" time="1.34" timestamp="2019-07-21T22:45:20">
                     <properties>
[...]
</properties>
                     <testcase classname="com.cloudxlab.logparsing.SampleTest" name="Computing top10" time="1.191">
                                                 
                                               </testcase><testcase classname="com.cloudxlab.logparsing.SampleTest" name="Should remove IP addresses having 1st Octet Decimal more than 126" time="0.149">
                                                 
                                               </testcase>
                     <system-out><![CDATA[]]></system-out>
                     <system-err><![CDATA[]]></system-err>
                   </testsuite>